D:\TU LIEU\TAI LIEU HOC LAM GAME\DOG\DEBUG\MAIN.OBJ
D:\TU LIEU\TAI LIEU HOC LAM GAME\DOG\DEBUG\VC110.PDB
D:\TU LIEU\TAI LIEU HOC LAM GAME\DOG\DEBUG\DOG.ILK
D:\TU LIEU\TAI LIEU HOC LAM GAME\DOG\DEBUG\DOG.EXE
D:\TU LIEU\TAI LIEU HOC LAM GAME\DOG\DEBUG\DOG.PDB
D:\TU LIEU\Tai lieu hoc lam game\DOG\Debug\main.obj
D:\TU LIEU\Tai lieu hoc lam game\DOG\Debug\DOG.ilk
D:\TU LIEU\Tai lieu hoc lam game\DOG\Debug\cl.command.1.tlog
D:\TU LIEU\Tai lieu hoc lam game\DOG\Debug\CL.read.1.tlog
D:\TU LIEU\Tai lieu hoc lam game\DOG\Debug\CL.write.1.tlog
D:\TU LIEU\Tai lieu hoc lam game\DOG\Debug\link-cvtres.read.1.tlog
D:\TU LIEU\Tai lieu hoc lam game\DOG\Debug\link-cvtres.write.1.tlog
D:\TU LIEU\Tai lieu hoc lam game\DOG\Debug\link-rc.read.1.tlog
D:\TU LIEU\Tai lieu hoc lam game\DOG\Debug\link-rc.write.1.tlog
D:\TU LIEU\Tai lieu hoc lam game\DOG\Debug\link.command.1.tlog
D:\TU LIEU\Tai lieu hoc lam game\DOG\Debug\link.read.1.tlog
D:\TU LIEU\Tai lieu hoc lam game\DOG\Debug\link.write.1.tlog
D:\TU LIEU\Tai lieu hoc lam game\DOG\Debug\vc110.idb
D:\TU LIEU\Tai lieu hoc lam game\DOG\Debug\DOG.pdb
D:\TU LIEU\Tai lieu hoc lam game\DOG\Debug\vc110.pdb
D:\TU LIEU\Tai lieu hoc lam game\DOG\Debug\DOG.exe
